<?xml version="1.0" encoding="UTF-8"?>
<testsuite name="org.tests.TestSlider" tests="1" skipped="0" failures="0" errors="0" timestamp="2023-03-11T16:32:04" hostname="NB370" time="5.509">
  <properties/>
  <testcase name="testSlider" classname="org.tests.TestSlider" time="5.509"/>
  <system-out><![CDATA[]]></system-out>
  <system-err><![CDATA[]]></system-err>
</testsuite>
